[ 2017-05-26T12:00:18+08:00 ] ::1 /shop/Home/User/css/style.css
ERR: 非法操作:css

[ 2017-05-26T14:29:57+08:00 ] ::1 /shop/Home/User/css/style.css
ERR: 非法操作:css

[ 2017-05-26T14:32:58+08:00 ] ::1 /shop/Home/User/css/style.css
ERR: 非法操作:css

[ 2017-05-26T14:33:00+08:00 ] ::1 /shop/Home/User/css/style.css
ERR: 非法操作:css

[ 2017-05-26T14:33:48+08:00 ] ::1 /shop/Home/User/css/style.css
ERR: 非法操作:css

[ 2017-05-26T14:48:59+08:00 ] ::1 /shop/Home/User/css/style.css
ERR: 非法操作:css

[ 2017-05-26T14:52:29+08:00 ] ::1 /shop/Home/Goods/css/style.css
ERR: 非法操作:css

[ 2017-05-26T14:52:30+08:00 ] ::1 /shop/Home/Goods/images/category.htm
ERR: 非法操作:images

[ 2017-05-26T14:53:45+08:00 ] ::1 /shop/Home/Goods/css/style.css
ERR: 非法操作:css

[ 2017-05-26T14:53:45+08:00 ] ::1 /shop/Public/category.htm
ERR: 无法加载控制器:Category.htm

[ 2017-05-26T14:53:50+08:00 ] ::1 /shop/Home/Goods/css/style.css
ERR: 非法操作:css

[ 2017-05-26T14:53:50+08:00 ] ::1 /shop/Public/category.htm
ERR: 无法加载控制器:Category.htm

[ 2017-05-26T14:54:40+08:00 ] ::1 /shop/Public/style.css
ERR: 无法加载控制器:Style.css

[ 2017-05-26T14:54:40+08:00 ] ::1 /shop/Public/category.htm
ERR: 无法加载控制器:Category.htm

[ 2017-05-26T14:54:42+08:00 ] ::1 /shop/Public/style.css
ERR: 无法加载控制器:Style.css

[ 2017-05-26T14:54:42+08:00 ] ::1 /shop/Public/category.htm
ERR: 无法加载控制器:Category.htm

[ 2017-05-26T14:54:42+08:00 ] ::1 /shop/Public/style.css
ERR: 无法加载控制器:Style.css

[ 2017-05-26T14:54:43+08:00 ] ::1 /shop/Public/category.htm
ERR: 无法加载控制器:Category.htm

[ 2017-05-26T14:54:43+08:00 ] ::1 /shop/Public/style.css
ERR: 无法加载控制器:Style.css

[ 2017-05-26T14:54:43+08:00 ] ::1 /shop/Public/category.htm
ERR: 无法加载控制器:Category.htm

[ 2017-05-26T14:54:43+08:00 ] ::1 /shop/Public/style.css
ERR: 无法加载控制器:Style.css

[ 2017-05-26T14:54:43+08:00 ] ::1 /shop/Public/category.htm
ERR: 无法加载控制器:Category.htm

[ 2017-05-26T14:54:44+08:00 ] ::1 /shop/Public/style.css
ERR: 无法加载控制器:Style.css

[ 2017-05-26T14:54:44+08:00 ] ::1 /shop/Public/category.htm
ERR: 无法加载控制器:Category.htm

[ 2017-05-26T14:55:26+08:00 ] ::1 /shop/Public/category.htm
ERR: 无法加载控制器:Category.htm

[ 2017-05-26T15:02:45+08:00 ] ::1 /shop/Home/User/css/style.css
ERR: 非法操作:css

[ 2017-05-26T15:02:49+08:00 ] ::1 /shop/Home/User/css/style.css
ERR: 非法操作:css

[ 2017-05-26T15:02:58+08:00 ] ::1 /shop/Home/User/css/style.css
ERR: 非法操作:css

[ 2017-05-26T15:03:05+08:00 ] ::1 /shop/Home/User/css/style.css
ERR: 非法操作:css

[ 2017-05-26T15:04:23+08:00 ] ::1 /shop/Home/User/css/style.css
ERR: 非法操作:css

[ 2017-05-26T15:04:26+08:00 ] ::1 /shop/Home/User/css/style.css
ERR: 非法操作:css

[ 2017-05-26T15:04:37+08:00 ] ::1 /shop/Home/User/css/style.css
ERR: 非法操作:css

